<component name="org.nuxeo.ecm.directory.sql.storage">
  <!-- Required to deploy the Studio Project -->
</component>
